#
# A fatal error has been detected by the Java Runtime Environment:
#
#  SIGSEGV (0xb) at pc=0x00007fb34f440be2, pid=12996, tid=140408520029952
#
# JRE version: 7.0_21-b02
# Java VM: OpenJDK 64-Bit Server VM (23.7-b01 mixed mode linux-amd64 compressed oops)
# Problematic frame:
# C  [libpegasos.so+0xdbe2]  WeightVector::add(simple_sparse_vector&, double)+0x42
#
# Failed to write core dump. Core dumps have been disabled. To enable core dumping, try "ulimit -c unlimited" before starting Java again
#
# If you would like to submit a bug report, please include
# instructions on how to reproduce the bug and visit:
#   https://bugs.launchpad.net/ubuntu/+source/openjdk-7/
# The crash happened outside the Java Virtual Machine in native code.
# See problematic frame for where to report the bug.
#

---------------  T H R E A D  ---------------

Current thread (0x00007fb360009000):  JavaThread "main" [_thread_in_native, id=12997, stack(0x00007fb367e5b000,0x00007fb367f5c000)]

siginfo:si_signo=SIGSEGV: si_errno=0, si_code=1 (SEGV_MAPERR), si_addr=0x00007fbb60202198

Registers:
RAX=0x00007fb36026ad00, RBX=0x0000000000000000, RCX=0x00007fb36027ade0, RDX=0x00007fbb60202198
RSP=0x00007fb367f5a188, RBP=0x00007fb367f5a270, RSI=0x00007fb3602021a0, RDI=0x00007fb367f5a2b0
R8 =0x0000000000000000, R9 =0x00007fb367b0f140, R10=0x00007fb367f59f20, R11=0x00007fb34f440ba0
R12=0x00007fb367f5a290, R13=0x00000000000003e8, R14=0x00007fb367f5a630, R15=0x00007fb367f5a650
RIP=0x00007fb34f440be2, EFLAGS=0x0000000000010202, CSGSFS=0x121e000000000033, ERR=0x0000000000000004
  TRAPNO=0x000000000000000e

Top of Stack: (sp=0x00007fb367f5a188)
0x00007fb367f5a188:   00007fb34f43b618 0000000000000001
0x00007fb367f5a198:   0000000000000000 0000000000000000
0x00007fb367f5a1a8:   3ff0000000000000 0000000000000000
0x00007fb367f5a1b8:   4049000000000000 00007fb367f5a2b0
0x00007fb367f5a1c8:   3f847ae147ae147b 000003ea00000002
0x00007fb367f5a1d8:   00007fb367f5a620 00007fb367f5a670
0x00007fb367f5a1e8:   00007fb367f5a600 00007fb367f5a610
0x00007fb367f5a1f8:   00007fb367f5a628 00007fb367f5a618
0x00007fb367f5a208:   0000000000000000 00007fb367f5a690
0x00007fb367f5a218:   0000000000000000 00007fb367f5a5c0
0x00007fb367f5a228:   0000000000000000 00007fb367f5a5f0
0x00007fb367f5a238:   00007fb367f5a5f8 00007fb367f5a608
0x00007fb367f5a248:   00007fb367f5a2b8 0000000000000000
0x00007fb367f5a258:   00007fb367d4b2ae bfa999999999999a
0x00007fb367f5a268:   0000000000000023 00007fb3602201c0
0x00007fb367f5a278:   00007fb360221160 00007fb3602211c0
0x00007fb367f5a288:   00007fb34f4335c8 00007fb3602211d0
0x00007fb367f5a298:   00007fb360223110 00007fb3602231d0
0x00007fb367f5a2a8:   00007fb367f5a170 0000000000000000
0x00007fb367f5a2b8:   3fe0000000000000 0000000000000000
0x00007fb367f5a2c8:   00007fb3602021a0 00007fb34f434900
0x00007fb367f5a2d8:   00007fb34f4344f8 0000000500000000
0x00007fb367f5a2e8:   00000001000000a2 0000000000000000
0x00007fb367f5a2f8:   00007fb36021d6f0 00007fb367f5a470
0x00007fb367f5a308:   00000000f4e56ae3 0000000000000000
0x00007fb367f5a318:   00007fb367f5a490 00007fb36021d390
0x00007fb367f5a328:   00007fb367d4b533 0000000000000000
0x00007fb367f5a338:   0000000000000000 0000000000000005
0x00007fb367f5a348:   0000000000000000 00007fb300000001
0x00007fb367f5a358:   00007fb36021d390 00007fb360009be0
0x00007fb367f5a368:   0000000000000003 00007fb367f5a3c0
0x00007fb367f5a378:   00007fb3669497ce 00007fb360009bf0 

Instructions: (pc=0x00007fb34f440be2)
0x00007fb34f440bc2:   10 48 08 8b 10 48 83 c0 10 f2 0f 59 c8 48 39 c1
0x00007fb34f440bd2:   48 8d 14 d6 66 0f 28 d1 f2 0f 59 d1 f2 0f 58 e2
0x00007fb34f440be2:   f2 0f 10 12 66 0f 28 da f2 0f 58 da f2 0f 59 d9
0x00007fb34f440bf2:   f2 0f 5e 4f 08 f2 0f 58 eb f2 0f 58 ca f2 0f 11 

Register to memory mapping:

RAX=0x00007fb36026ad00 is an unknown value
RBX=0x0000000000000000 is an unknown value
RCX=0x00007fb36027ade0 is an unknown value
RDX=0x00007fbb60202198 is an unknown value
RSP=0x00007fb367f5a188 is pointing into the stack for thread: 0x00007fb360009000
RBP=0x00007fb367f5a270 is pointing into the stack for thread: 0x00007fb360009000
RSI=0x00007fb3602021a0 is an unknown value
RDI=0x00007fb367f5a2b0 is pointing into the stack for thread: 0x00007fb360009000
R8 =0x0000000000000000 is an unknown value
R9 =0x00007fb367b0f140: <offset 0x3b8140> in /lib/x86_64-linux-gnu/libc.so.6 at 0x00007fb367757000
R10=0x00007fb367f59f20 is pointing into the stack for thread: 0x00007fb360009000
R11=0x00007fb34f440ba0: _ZN12WeightVector3addER20simple_sparse_vectord+0 in /home/raghuram/Downloads/pegasos/temp (2)/peersim-pegasos/lib/libpegasos.so at 0x00007fb34f433000
R12=0x00007fb367f5a290 is pointing into the stack for thread: 0x00007fb360009000
R13=0x00000000000003e8 is an unknown value
R14=0x00007fb367f5a630 is pointing into the stack for thread: 0x00007fb360009000
R15=0x00007fb367f5a650 is pointing into the stack for thread: 0x00007fb360009000


Stack: [0x00007fb367e5b000,0x00007fb367f5c000],  sp=0x00007fb367f5a188,  free space=1020k
Native frames: (J=compiled Java code, j=interpreted, Vv=VM code, C=native code)
C  [libpegasos.so+0xdbe2]
[error occurred during error reporting (printing native stack), id 0xb]

Java frames: (J=compiled Java code, j=interpreted, Vv=VM code)
j  jnipegasos.JNIPegasosInterface.trainmodel(Ljava/lang/String;Ljava/lang/String;Ljnipegasos/LearningParameter;)V+0
j  jnipegasos.JNIPegasosInterface.trainModel(Ljava/lang/String;Ljava/lang/String;Ljnipegasos/LearningParameter;)V+4
j  peersim.gossip.PegasosNode.clone()Ljava/lang/Object;+204
j  peersim.core.Network.reset()V+139
j  peersim.cdsim.CDSimulator.nextExperiment()V+47
j  peersim.Simulator.main([Ljava/lang/String;)V+208
v  ~StubRoutines::call_stub

---------------  P R O C E S S  ---------------

Java Threads: ( => current thread )
  0x00007fb36010f800 JavaThread "Service Thread" daemon [_thread_blocked, id=13008, stack(0x00007fb34f770000,0x00007fb34f871000)]
  0x00007fb36010d800 JavaThread "C2 CompilerThread1" daemon [_thread_blocked, id=13007, stack(0x00007fb34f871000,0x00007fb34f972000)]
  0x00007fb36010a800 JavaThread "C2 CompilerThread0" daemon [_thread_blocked, id=13006, stack(0x00007fb34f972000,0x00007fb34fa73000)]
  0x00007fb360108000 JavaThread "Signal Dispatcher" daemon [_thread_blocked, id=13005, stack(0x00007fb34fa73000,0x00007fb34fb74000)]
  0x00007fb3600b2000 JavaThread "Finalizer" daemon [_thread_blocked, id=13004, stack(0x00007fb34fcfd000,0x00007fb34fdfe000)]
  0x00007fb3600af800 JavaThread "Reference Handler" daemon [_thread_blocked, id=13003, stack(0x00007fb34fdfe000,0x00007fb34feff000)]
=>0x00007fb360009000 JavaThread "main" [_thread_in_native, id=12997, stack(0x00007fb367e5b000,0x00007fb367f5c000)]

Other Threads:
  0x00007fb3600a7000 VMThread [stack: 0x00007fb34feff000,0x00007fb350000000] [id=13002]
  0x00007fb36011a800 WatcherThread [stack: 0x00007fb34f66f000,0x00007fb34f770000] [id=13009]

VM state:not at safepoint (normal execution)

VM Mutex/Monitor currently owned by a thread: None

Heap
 PSYoungGen      total 27456K, used 3304K [0x00000000e1600000, 0x00000000e34a0000, 0x0000000100000000)
  eden space 23552K, 14% used [0x00000000e1600000,0x00000000e193a050,0x00000000e2d00000)
  from space 3904K, 0% used [0x00000000e30d0000,0x00000000e30d0000,0x00000000e34a0000)
  to   space 3904K, 0% used [0x00000000e2d00000,0x00000000e2d00000,0x00000000e30d0000)
 ParOldGen       total 62720K, used 0K [0x00000000a4200000, 0x00000000a7f40000, 0x00000000e1600000)
  object space 62720K, 0% used [0x00000000a4200000,0x00000000a4200000,0x00000000a7f40000)
 PSPermGen       total 21248K, used 3656K [0x0000000099c00000, 0x000000009b0c0000, 0x00000000a4200000)
  object space 21248K, 17% used [0x0000000099c00000,0x0000000099f920d8,0x000000009b0c0000)

Card table byte_map: [0x00007fb364885000,0x00007fb364bb8000] byte_map_base: 0x00007fb3643b7000

Polling page: 0x00007fb367e5a000

Code Cache  [0x00007fb35d000000, 0x00007fb35d270000, 0x00007fb360000000)
 total_blobs=196 nmethods=9 adapters=140 free_code_cache=48739Kb largest_free_block=49892480

Compilation events (10 events):
Event: 0.158 Thread 0x00007fb36010a800    5             java.lang.String::charAt (29 bytes)
Event: 0.159 Thread 0x00007fb36010a800 nmethod 5 0x00007fb35d064090 code [0x00007fb35d0641e0, 0x00007fb35d064278]
Event: 0.184 Thread 0x00007fb36010d800    1 %           sun.nio.cs.UTF_8$Decoder::decodeArrayLoop @ 73 (543 bytes)
Event: 0.185 Thread 0x00007fb36010a800    6   !         java.io.BufferedReader::readLine (304 bytes)
Event: 0.203 Thread 0x00007fb36010d800 nmethod 1% 0x00007fb35d065910 code [0x00007fb35d065b60, 0x00007fb35d066798]
Event: 0.203 Thread 0x00007fb36010d800    2 %           sun.nio.cs.UTF_8$Encoder::encodeArrayLoop @ 73 (489 bytes)
Event: 0.209 Thread 0x00007fb36010a800 nmethod 6 0x00007fb35d067210 code [0x00007fb35d0673e0, 0x00007fb35d068260]
Event: 0.209 Thread 0x00007fb36010a800    7             sun.nio.cs.UTF_8$Decoder::decodeArrayLoop (543 bytes)
Event: 0.215 Thread 0x00007fb36010d800 nmethod 2% 0x00007fb35d0688d0 code [0x00007fb35d068aa0, 0x00007fb35d069300]
Event: 0.223 Thread 0x00007fb36010a800 nmethod 7 0x00007fb35d069910 code [0x00007fb35d069b80, 0x00007fb35d06a718]

GC Heap History (0 events):
No events

Deoptimization events (0 events):
No events

Internal exceptions (10 events):
Event: 0.165 Thread 0x00007fb360009000 Threw 0x00000000e182e288 at /build/buildd/openjdk-7-7u21-2.3.9/build/openjdk/hotspot/src/share/vm/prims/jvm.cpp:1166
Event: 0.165 Thread 0x00007fb360009000 Threw 0x00000000e1833d90 at /build/buildd/openjdk-7-7u21-2.3.9/build/openjdk/hotspot/src/share/vm/prims/jvm.cpp:1166
Event: 0.165 Thread 0x00007fb360009000 Threw 0x00000000e18364b8 at /build/buildd/openjdk-7-7u21-2.3.9/build/openjdk/hotspot/src/share/vm/prims/jvm.cpp:1166
Event: 0.166 Thread 0x00007fb360009000 Threw 0x00000000e1838a90 at /build/buildd/openjdk-7-7u21-2.3.9/build/openjdk/hotspot/src/share/vm/prims/jvm.cpp:1166
Event: 0.167 Thread 0x00007fb360009000 Threw 0x00000000e1848ff8 at /build/buildd/openjdk-7-7u21-2.3.9/build/openjdk/hotspot/src/share/vm/prims/jvm.cpp:1166
Event: 0.168 Thread 0x00007fb360009000 Threw 0x00000000e184bda0 at /build/buildd/openjdk-7-7u21-2.3.9/build/openjdk/hotspot/src/share/vm/prims/jvm.cpp:1166
Event: 0.169 Thread 0x00007fb360009000 Threw 0x00000000e185d1f8 at /build/buildd/openjdk-7-7u21-2.3.9/build/openjdk/hotspot/src/share/vm/prims/jvm.cpp:1166
Event: 0.170 Thread 0x00007fb360009000 Threw 0x00000000e187e208 at /build/buildd/openjdk-7-7u21-2.3.9/build/openjdk/hotspot/src/share/vm/prims/jvm.cpp:1166
Event: 0.203 Thread 0x00007fb360009000 Threw 0x00000000e18e7580 at /build/buildd/openjdk-7-7u21-2.3.9/build/openjdk/hotspot/src/share/vm/prims/jvm.cpp:1166
Event: 0.205 Thread 0x00007fb360009000 Threw 0x00000000e18f1898 at /build/buildd/openjdk-7-7u21-2.3.9/build/openjdk/hotspot/src/share/vm/prims/jvm.cpp:1166

Events (10 events):
Event: 0.171 loading class 0x00007fb3601c3a00
Event: 0.171 loading class 0x00007fb3601c3a00 done
Event: 0.172 loading class 0x00007fb3602105d0
Event: 0.172 loading class 0x00007fb3602105d0 done
Event: 0.203 loading class 0x00007fb360210690
Event: 0.203 loading class 0x00007fb360210690 done
Event: 0.204 loading class 0x00007fb36005f2a0
Event: 0.204 loading class 0x00007fb36005f2a0 done
Event: 0.205 loading class 0x00007fb3602106d0
Event: 0.205 loading class 0x00007fb3602106d0 done


Dynamic libraries:
00400000-00401000 r-xp 00000000 07:00 139603                             /usr/lib/jvm/java-7-openjdk-amd64/jre/bin/java
00600000-00601000 r--p 00000000 07:00 139603                             /usr/lib/jvm/java-7-openjdk-amd64/jre/bin/java
00601000-00602000 rw-p 00001000 07:00 139603                             /usr/lib/jvm/java-7-openjdk-amd64/jre/bin/java
00a57000-00a78000 rw-p 00000000 00:00 0                                  [heap]
99c00000-9b0c0000 rw-p 00000000 00:00 0 
9b0c0000-a4200000 rw-p 00000000 00:00 0 
a4200000-a7f40000 rw-p 00000000 00:00 0 
a7f40000-e1600000 rw-p 00000000 00:00 0 
e1600000-e34a0000 rw-p 00000000 00:00 0 
e34a0000-100000000 rw-p 00000000 00:00 0 
7fb320000000-7fb320021000 rw-p 00000000 00:00 0 
7fb320021000-7fb324000000 ---p 00000000 00:00 0 
7fb324000000-7fb324021000 rw-p 00000000 00:00 0 
7fb324021000-7fb328000000 ---p 00000000 00:00 0 
7fb328000000-7fb3281a6000 rw-p 00000000 00:00 0 
7fb3281a6000-7fb32c000000 ---p 00000000 00:00 0 
7fb32c000000-7fb32c15d000 rw-p 00000000 00:00 0 
7fb32c15d000-7fb330000000 ---p 00000000 00:00 0 
7fb330000000-7fb330021000 rw-p 00000000 00:00 0 
7fb330021000-7fb334000000 ---p 00000000 00:00 0 
7fb334000000-7fb334021000 rw-p 00000000 00:00 0 
7fb334021000-7fb338000000 ---p 00000000 00:00 0 
7fb338000000-7fb338021000 rw-p 00000000 00:00 0 
7fb338021000-7fb33c000000 ---p 00000000 00:00 0 
7fb33c000000-7fb33c021000 rw-p 00000000 00:00 0 
7fb33c021000-7fb340000000 ---p 00000000 00:00 0 
7fb340000000-7fb340021000 rw-p 00000000 00:00 0 
7fb340021000-7fb344000000 ---p 00000000 00:00 0 
7fb348000000-7fb348021000 rw-p 00000000 00:00 0 
7fb348021000-7fb34c000000 ---p 00000000 00:00 0 
7fb34f433000-7fb34f444000 r-xp 00000000 07:00 331009                     /home/raghuram/Downloads/pegasos/temp (2)/peersim-pegasos/lib/libpegasos.so
7fb34f444000-7fb34f644000 ---p 00011000 07:00 331009                     /home/raghuram/Downloads/pegasos/temp (2)/peersim-pegasos/lib/libpegasos.so
7fb34f644000-7fb34f645000 r--p 00011000 07:00 331009                     /home/raghuram/Downloads/pegasos/temp (2)/peersim-pegasos/lib/libpegasos.so
7fb34f645000-7fb34f646000 rw-p 00012000 07:00 331009                     /home/raghuram/Downloads/pegasos/temp (2)/peersim-pegasos/lib/libpegasos.so
7fb34f646000-7fb34f64b000 r--s 00053000 07:00 330774                     /home/raghuram/Downloads/pegasos/temp (2)/peersim-pegasos/lib/peersim-doclet.jar
7fb34f64b000-7fb34f64c000 r--s 00005000 07:00 331010                     /home/raghuram/Downloads/pegasos/temp (2)/peersim-pegasos/lib/jamal-2.2.jar
7fb34f64c000-7fb34f651000 r--s 0001d000 07:00 330776                     /home/raghuram/Downloads/pegasos/temp (2)/peersim-pegasos/lib/djep-1.0.0.jar
7fb34f651000-7fb34f656000 r--s 00032000 07:00 330773                     /home/raghuram/Downloads/pegasos/temp (2)/peersim-pegasos/lib/peersim.jar
7fb34f656000-7fb34f657000 r--s 00001000 07:00 331008                     /home/raghuram/Downloads/pegasos/temp (2)/peersim-pegasos/lib/jnipegasos.jar
7fb34f657000-7fb34f659000 r--s 0000f000 07:00 330800                     /home/raghuram/Downloads/pegasos/temp (2)/peersim-pegasos/lib/JSAP-2.1.jar
7fb34f659000-7fb34f65a000 r--s 00003000 07:00 331002                     /home/raghuram/Downloads/pegasos/temp (2)/peersim-pegasos/lib/jnisvmlight.jar
7fb34f65a000-7fb34f65d000 r--s 00010000 07:00 330772                     /home/raghuram/Downloads/pegasos/temp (2)/peersim-pegasos/lib/jep-2.3.0.jar
7fb34f65d000-7fb34f65e000 r--s 00002000 07:00 1007648                    /usr/lib/jvm/java-7-openjdk-common/jre/lib/ext/dnsns.jar
7fb34f65e000-7fb34f661000 r--s 0000f000 07:00 1007647                    /usr/lib/jvm/java-7-openjdk-common/jre/lib/ext/pulse-java.jar
7fb34f661000-7fb34f664000 r--s 0003c000 07:00 102402                     /usr/lib/jvm/java-7-openjdk-common/jre/lib/ext/sunpkcs11.jar
7fb34f664000-7fb34f667000 r--s 00032000 07:00 516818                     /usr/lib/jvm/java-7-openjdk-common/jre/lib/ext/sunjce_provider.jar
7fb34f667000-7fb34f669000 r--s 00006000 07:00 54273                      /usr/share/java/java-atk-wrapper.jar
7fb34f669000-7fb34f66b000 r--s 00012000 07:00 1007649                    /usr/lib/jvm/java-7-openjdk-common/jre/lib/ext/zipfs.jar
7fb34f66b000-7fb34f66f000 r--s 00085000 07:00 516817                     /usr/lib/jvm/java-7-openjdk-common/jre/lib/ext/localedata.jar
7fb34f66f000-7fb34f670000 ---p 00000000 00:00 0 
7fb34f670000-7fb34f770000 rw-p 00000000 00:00 0                          [stack:13009]
7fb34f770000-7fb34f773000 ---p 00000000 00:00 0 
7fb34f773000-7fb34f871000 rw-p 00000000 00:00 0                          [stack:13008]
7fb34f871000-7fb34f874000 ---p 00000000 00:00 0 
7fb34f874000-7fb34f972000 rw-p 00000000 00:00 0                          [stack:13007]
7fb34f972000-7fb34f975000 ---p 00000000 00:00 0 
7fb34f975000-7fb34fa73000 rw-p 00000000 00:00 0                          [stack:13006]
7fb34fa73000-7fb34fa76000 ---p 00000000 00:00 0 
7fb34fa76000-7fb34fb74000 rw-p 00000000 00:00 0                          [stack:13005]
7fb34fb74000-7fb34fcfd000 r--p 00000000 07:00 136924                     /usr/lib/locale/locale-archive
7fb34fcfd000-7fb34fd00000 ---p 00000000 00:00 0 
7fb34fd00000-7fb34fdfe000 rw-p 00000000 00:00 0                          [stack:13004]
7fb34fdfe000-7fb34fe01000 ---p 00000000 00:00 0 
7fb34fe01000-7fb34feff000 rw-p 00000000 00:00 0                          [stack:13003]
7fb34feff000-7fb34ff00000 ---p 00000000 00:00 0 
7fb34ff00000-7fb350000000 rw-p 00000000 00:00 0                          [stack:13002]
7fb350000000-7fb350021000 rw-p 00000000 00:00 0 
7fb350021000-7fb354000000 ---p 00000000 00:00 0 
7fb35402f000-7fb358000000 rw-p 00000000 00:00 0 
7fb358000000-7fb358021000 rw-p 00000000 00:00 0 
7fb358021000-7fb35c000000 ---p 00000000 00:00 0 
7fb35c035000-7fb35d000000 rw-p 00000000 00:00 0 
7fb35d000000-7fb35d270000 rwxp 00000000 00:00 0 
7fb35d270000-7fb36027b000 rw-p 00000000 00:00 0 
7fb36027b000-7fb364000000 ---p 00000000 00:00 0 
7fb36402b000-7fb364097000 rw-p 00000000 00:00 0 
7fb364097000-7fb364244000 r--s 01cde000 07:00 139556                     /usr/lib/jvm/java-7-openjdk-amd64/jre/lib/rt.jar
7fb364244000-7fb364245000 ---p 00000000 00:00 0 
7fb364245000-7fb364345000 rw-p 00000000 00:00 0                          [stack:13001]
7fb364345000-7fb364346000 ---p 00000000 00:00 0 
7fb364346000-7fb364446000 rw-p 00000000 00:00 0                          [stack:13000]
7fb364446000-7fb364447000 ---p 00000000 00:00 0 
7fb364447000-7fb364547000 rw-p 00000000 00:00 0                          [stack:12999]
7fb364547000-7fb364548000 ---p 00000000 00:00 0 
7fb364548000-7fb364653000 rw-p 00000000 00:00 0                          [stack:12998]
7fb364653000-7fb36469b000 rw-p 00000000 00:00 0 
7fb36469b000-7fb3646ba000 rw-p 00000000 00:00 0 
7fb3646ba000-7fb364885000 rw-p 00000000 00:00 0 
7fb364885000-7fb364890000 rw-p 00000000 00:00 0 
7fb364890000-7fb3648d8000 rw-p 00000000 00:00 0 
7fb3648d8000-7fb3648f7000 rw-p 00000000 00:00 0 
7fb3648f7000-7fb364ac2000 rw-p 00000000 00:00 0 
7fb364ac2000-7fb364ad2000 rw-p 00000000 00:00 0 
7fb364ad2000-7fb364bb7000 rw-p 00000000 00:00 0 
7fb364bb7000-7fb364bb8000 rw-p 00000000 00:00 0 
7fb364bb8000-7fb364bc0000 r-xp 00000000 07:00 139601                     /usr/lib/jvm/java-7-openjdk-amd64/jre/lib/amd64/libzip.so
7fb364bc0000-7fb364dbf000 ---p 00008000 07:00 139601                     /usr/lib/jvm/java-7-openjdk-amd64/jre/lib/amd64/libzip.so
7fb364dbf000-7fb364dc0000 r--p 00007000 07:00 139601                     /usr/lib/jvm/java-7-openjdk-amd64/jre/lib/amd64/libzip.so
7fb364dc0000-7fb364dc1000 rw-p 00008000 07:00 139601                     /usr/lib/jvm/java-7-openjdk-amd64/jre/lib/amd64/libzip.so
7fb364dc1000-7fb364dcd000 r-xp 00000000 07:00 197862                     /lib/x86_64-linux-gnu/libnss_files-2.15.so
7fb364dcd000-7fb364fcc000 ---p 0000c000 07:00 197862                     /lib/x86_64-linux-gnu/libnss_files-2.15.so
7fb364fcc000-7fb364fcd000 r--p 0000b000 07:00 197862                     /lib/x86_64-linux-gnu/libnss_files-2.15.so
7fb364fcd000-7fb364fce000 rw-p 0000c000 07:00 197862                     /lib/x86_64-linux-gnu/libnss_files-2.15.so
7fb364fce000-7fb364fd8000 r-xp 00000000 07:00 197754                     /lib/x86_64-linux-gnu/libnss_nis-2.15.so
7fb364fd8000-7fb3651d8000 ---p 0000a000 07:00 197754                     /lib/x86_64-linux-gnu/libnss_nis-2.15.so
7fb3651d8000-7fb3651d9000 r--p 0000a000 07:00 197754                     /lib/x86_64-linux-gnu/libnss_nis-2.15.so
7fb3651d9000-7fb3651da000 rw-p 0000b000 07:00 197754                     /lib/x86_64-linux-gnu/libnss_nis-2.15.so
7fb3651da000-7fb3651f1000 r-xp 00000000 07:00 197763                     /lib/x86_64-linux-gnu/libnsl-2.15.so
7fb3651f1000-7fb3653f0000 ---p 00017000 07:00 197763                     /lib/x86_64-linux-gnu/libnsl-2.15.so
7fb3653f0000-7fb3653f1000 r--p 00016000 07:00 197763                     /lib/x86_64-linux-gnu/libnsl-2.15.so
7fb3653f1000-7fb3653f2000 rw-p 00017000 07:00 197763                     /lib/x86_64-linux-gnu/libnsl-2.15.so
7fb3653f2000-7fb3653f4000 rw-p 00000000 00:00 0 
7fb3653f4000-7fb3653fc000 r-xp 00000000 07:00 197860                     /lib/x86_64-linux-gnu/libnss_compat-2.15.so
7fb3653fc000-7fb3655fb000 ---p 00008000 07:00 197860                     /lib/x86_64-linux-gnu/libnss_compat-2.15.so
7fb3655fb000-7fb3655fc000 r--p 00007000 07:00 197860                     /lib/x86_64-linux-gnu/libnss_compat-2.15.so
7fb3655fc000-7fb3655fd000 rw-p 00008000 07:00 197860                     /lib/x86_64-linux-gnu/libnss_compat-2.15.so
7fb3655fd000-7fb365628000 r-xp 00000000 07:00 139585                     /usr/lib/jvm/java-7-openjdk-amd64/jre/lib/amd64/libjava.so
7fb365628000-7fb365827000 ---p 0002b000 07:00 139585                     /usr/lib/jvm/java-7-openjdk-amd64/jre/lib/amd64/libjava.so
7fb365827000-7fb365828000 r--p 0002a000 07:00 139585                     /usr/lib/jvm/java-7-openjdk-amd64/jre/lib/amd64/libjava.so
7fb365828000-7fb36582a000 rw-p 0002b000 07:00 139585                     /usr/lib/jvm/java-7-openjdk-amd64/jre/lib/amd64/libjava.so
7fb36582a000-7fb365839000 r-xp 00000000 07:00 139584                     /usr/lib/jvm/java-7-openjdk-amd64/jre/lib/amd64/libverify.so
7fb365839000-7fb365a38000 ---p 0000f000 07:00 139584                     /usr/lib/jvm/java-7-openjdk-amd64/jre/lib/amd64/libverify.so
7fb365a38000-7fb365a3a000 r--p 0000e000 07:00 139584                     /usr/lib/jvm/java-7-openjdk-amd64/jre/lib/amd64/libverify.so
7fb365a3a000-7fb365a3b000 rw-p 00010000 07:00 139584                     /usr/lib/jvm/java-7-openjdk-amd64/jre/lib/amd64/libverify.so
7fb365a3b000-7fb365a42000 r-xp 00000000 07:00 197824                     /lib/x86_64-linux-gnu/librt-2.15.so
7fb365a42000-7fb365c41000 ---p 00007000 07:00 197824                     /lib/x86_64-linux-gnu/librt-2.15.so
7fb365c41000-7fb365c42000 r--p 00006000 07:00 197824                     /lib/x86_64-linux-gnu/librt-2.15.so
7fb365c42000-7fb365c43000 rw-p 00007000 07:00 197824                     /lib/x86_64-linux-gnu/librt-2.15.so
7fb365c43000-7fb365c58000 r-xp 00000000 07:00 197806                     /lib/x86_64-linux-gnu/libgcc_s.so.1
7fb365c58000-7fb365e57000 ---p 00015000 07:00 197806                     /lib/x86_64-linux-gnu/libgcc_s.so.1
7fb365e57000-7fb365e58000 r--p 00014000 07:00 197806                     /lib/x86_64-linux-gnu/libgcc_s.so.1
7fb365e58000-7fb365e59000 rw-p 00015000 07:00 197806                     /lib/x86_64-linux-gnu/libgcc_s.so.1
7fb365e59000-7fb365f54000 r-xp 00000000 07:00 197821                     /lib/x86_64-linux-gnu/libm-2.15.so
7fb365f54000-7fb366153000 ---p 000fb000 07:00 197821                     /lib/x86_64-linux-gnu/libm-2.15.so
7fb366153000-7fb366154000 r--p 000fa000 07:00 197821                     /lib/x86_64-linux-gnu/libm-2.15.so
7fb366154000-7fb366155000 rw-p 000fb000 07:00 197821                     /lib/x86_64-linux-gnu/libm-2.15.so
7fb366155000-7fb36623a000 r-xp 00000000 07:00 99110                      /usr/lib/x86_64-linux-gnu/libstdc++.so.6.0.17
7fb36623a000-7fb366439000 ---p 000e5000 07:00 99110                      /usr/lib/x86_64-linux-gnu/libstdc++.so.6.0.17
7fb366439000-7fb366441000 r--p 000e4000 07:00 99110                      /usr/lib/x86_64-linux-gnu/libstdc++.so.6.0.17
7fb366441000-7fb366443000 rw-p 000ec000 07:00 99110                      /usr/lib/x86_64-linux-gnu/libstdc++.so.6.0.17
7fb366443000-7fb366458000 rw-p 00000000 00:00 0 
7fb366458000-7fb366e53000 r-xp 00000000 07:00 139590                     /usr/lib/jvm/java-7-openjdk-amd64/jre/lib/amd64/server/libjvm.so
7fb366e53000-7fb367052000 ---p 009fb000 07:00 139590                     /usr/lib/jvm/java-7-openjdk-amd64/jre/lib/amd64/server/libjvm.so
7fb367052000-7fb3670d1000 r--p 009fa000 07:00 139590                     /usr/lib/jvm/java-7-openjdk-amd64/jre/lib/amd64/server/libjvm.so
7fb3670d1000-7fb3670f4000 rw-p 00a79000 07:00 139590                     /usr/lib/jvm/java-7-openjdk-amd64/jre/lib/amd64/server/libjvm.so
7fb3670f4000-7fb36711f000 rw-p 00000000 00:00 0 
7fb36711f000-7fb367135000 r-xp 00000000 07:00 197767                     /lib/x86_64-linux-gnu/libz.so.1.2.7
7fb367135000-7fb367334000 ---p 00016000 07:00 197767                     /lib/x86_64-linux-gnu/libz.so.1.2.7
7fb367334000-7fb367335000 r--p 00015000 07:00 197767                     /lib/x86_64-linux-gnu/libz.so.1.2.7
7fb367335000-7fb367336000 rw-p 00016000 07:00 197767                     /lib/x86_64-linux-gnu/libz.so.1.2.7
7fb367336000-7fb36734e000 r-xp 00000000 07:00 197875                     /lib/x86_64-linux-gnu/libpthread-2.15.so
7fb36734e000-7fb36754d000 ---p 00018000 07:00 197875                     /lib/x86_64-linux-gnu/libpthread-2.15.so
7fb36754d000-7fb36754e000 r--p 00017000 07:00 197875                     /lib/x86_64-linux-gnu/libpthread-2.15.so
7fb36754e000-7fb36754f000 rw-p 00018000 07:00 197875                     /lib/x86_64-linux-gnu/libpthread-2.15.so
7fb36754f000-7fb367553000 rw-p 00000000 00:00 0 
7fb367553000-7fb367555000 r-xp 00000000 07:00 197761                     /lib/x86_64-linux-gnu/libdl-2.15.so
7fb367555000-7fb367755000 ---p 00002000 07:00 197761                     /lib/x86_64-linux-gnu/libdl-2.15.so
7fb367755000-7fb367756000 r--p 00002000 07:00 197761                     /lib/x86_64-linux-gnu/libdl-2.15.so
7fb367756000-7fb367757000 rw-p 00003000 07:00 197761                     /lib/x86_64-linux-gnu/libdl-2.15.so
7fb367757000-7fb36790c000 r-xp 00000000 07:00 197755                     /lib/x86_64-linux-gnu/libc-2.15.so
7fb36790c000-7fb367b0b000 ---p 001b5000 07:00 197755                     /lib/x86_64-linux-gnu/libc-2.15.so
7fb367b0b000-7fb367b0f000 r--p 001b4000 07:00 197755                     /lib/x86_64-linux-gnu/libc-2.15.so
7fb367b0f000-7fb367b11000 rw-p 001b8000 07:00 197755                     /lib/x86_64-linux-gnu/libc-2.15.so
7fb367b11000-7fb367b16000 rw-p 00000000 00:00 0 
7fb367b33000-7fb367b40000 r-xp 00000000 07:00 139567                     /usr/lib/jvm/java-7-openjdk-amd64/jre/lib/amd64/jli/libjli.so
7fb367b40000-7fb367d3f000 ---p 0000d000 07:00 139567                     /usr/lib/jvm/java-7-openjdk-amd64/jre/lib/amd64/jli/libjli.so
7fb367d3f000-7fb367d40000 r--p 0000c000 07:00 139567                     /usr/lib/jvm/java-7-openjdk-amd64/jre/lib/amd64/jli/libjli.so
7fb367d40000-7fb367d41000 rw-p 0000d000 07:00 139567                     /usr/lib/jvm/java-7-openjdk-amd64/jre/lib/amd64/jli/libjli.so
7fb367d41000-7fb367d63000 r-xp 00000000 07:00 197835                     /lib/x86_64-linux-gnu/ld-2.15.so
7fb367d69000-7fb367d9b000 rw-p 00000000 00:00 0 
7fb367d9b000-7fb367e51000 rw-p 00000000 00:00 0 
7fb367e51000-7fb367e59000 rw-s 00000000 07:00 897026                     /tmp/hsperfdata_raghuram/12996
7fb367e59000-7fb367e5a000 rw-p 00000000 00:00 0 
7fb367e5a000-7fb367e5b000 r--p 00000000 00:00 0 
7fb367e5b000-7fb367e5e000 ---p 00000000 00:00 0 
7fb367e5e000-7fb367f63000 rw-p 00000000 00:00 0                          [stack:12997]
7fb367f63000-7fb367f64000 r--p 00022000 07:00 197835                     /lib/x86_64-linux-gnu/ld-2.15.so
7fb367f64000-7fb367f66000 rw-p 00023000 07:00 197835                     /lib/x86_64-linux-gnu/ld-2.15.so
7ffff2985000-7ffff29a6000 rw-p 00000000 00:00 0                          [stack]
7ffff29ff000-7ffff2a00000 r-xp 00000000 00:00 0                          [vdso]
ffffffffff600000-ffffffffff601000 r-xp 00000000 00:00 0                  [vsyscall]

VM Arguments:
jvm_args: -Djava.library.path=lib 
java_command: peersim.Simulator config/config-pegasos.cfg
Launcher Type: SUN_STANDARD

Environment Variables:
PATH=/usr/local/sbin:/usr/local/bin:/usr/sbin:/usr/bin:/sbin:/bin:/usr/games:/usr/local/games:/home/raghuram/MATLAB/R2012a/bin:/home/raghuram/MATLAB/R2012a/java/jar
USERNAME=raghuram
SHELL=/bin/bash
DISPLAY=:0

Signal Handlers:
SIGSEGV: [libjvm.so+0x8574b0], sa_mask[0]=0x7ffbfeff, sa_flags=0x10000004
SIGBUS: [libjvm.so+0x8574b0], sa_mask[0]=0x7ffbfeff, sa_flags=0x10000004
SIGFPE: [libjvm.so+0x6f8200], sa_mask[0]=0x7ffbfeff, sa_flags=0x10000004
SIGPIPE: [libjvm.so+0x6f8200], sa_mask[0]=0x7ffbfeff, sa_flags=0x10000004
SIGXFSZ: [libjvm.so+0x6f8200], sa_mask[0]=0x7ffbfeff, sa_flags=0x10000004
SIGILL: [libjvm.so+0x6f8200], sa_mask[0]=0x7ffbfeff, sa_flags=0x10000004
SIGUSR1: SIG_DFL, sa_mask[0]=0x00000000, sa_flags=0x00000000
SIGUSR2: [libjvm.so+0x6f85d0], sa_mask[0]=0x00000000, sa_flags=0x10000004
SIGHUP: [libjvm.so+0x6f8710], sa_mask[0]=0x7ffbfeff, sa_flags=0x10000004
SIGINT: [libjvm.so+0x6f8710], sa_mask[0]=0x7ffbfeff, sa_flags=0x10000004
SIGTERM: [libjvm.so+0x6f8710], sa_mask[0]=0x7ffbfeff, sa_flags=0x10000004
SIGQUIT: [libjvm.so+0x6f8710], sa_mask[0]=0x7ffbfeff, sa_flags=0x10000004


---------------  S Y S T E M  ---------------

OS:Ubuntu 12.10 (quantal)
uname:Linux 3.5.0-21-generic #32-Ubuntu SMP Tue Dec 11 18:51:59 UTC 2012 x86_64
libc:glibc 2.15 NPTL 2.15 
rlimit: STACK 8192k, CORE 0k, NPROC 46889, NOFILE 4096, AS infinity
load average:0.08 0.22 0.27

/proc/meminfo:
MemTotal:        6020308 kB
MemFree:          173836 kB
Buffers:         1956476 kB
Cached:          1793272 kB
SwapCached:         1256 kB
Active:          2499976 kB
Inactive:        2973384 kB
Active(anon):     880592 kB
Inactive(anon):   990700 kB
Active(file):    1619384 kB
Inactive(file):  1982684 kB
Unevictable:        1528 kB
Mlocked:              16 kB
SwapTotal:        262140 kB
SwapFree:         256844 kB
Dirty:               352 kB
Writeback:             0 kB
AnonPages:       1724808 kB
Mapped:           236508 kB
Shmem:            145588 kB
Slab:             249592 kB
SReclaimable:     187328 kB
SUnreclaim:        62264 kB
KernelStack:        4344 kB
PageTables:        39864 kB
NFS_Unstable:          0 kB
Bounce:                0 kB
WritebackTmp:          0 kB
CommitLimit:     3272292 kB
Committed_AS:    5009632 kB
VmallocTotal:   34359738367 kB
VmallocUsed:      366196 kB
VmallocChunk:   34359364704 kB
HardwareCorrupted:     0 kB
AnonHugePages:         0 kB
HugePages_Total:       0
HugePages_Free:        0
HugePages_Rsvd:        0
HugePages_Surp:        0
Hugepagesize:       2048 kB
DirectMap4k:       68336 kB
DirectMap2M:     6135808 kB


CPU:total 4 (2 cores per cpu, 2 threads per core) family 6 model 42 stepping 7, cmov, cx8, fxsr, mmx, sse, sse2, sse3, ssse3, sse4.1, sse4.2, popcnt, avx, ht, tsc, tscinvbit

/proc/cpuinfo:
processor	: 0
vendor_id	: GenuineIntel
cpu family	: 6
model		: 42
model name	: Intel(R) Core(TM) i3-2350M CPU @ 2.30GHz
stepping	: 7
microcode	: 0x1b
cpu MHz		: 2300.000
cache size	: 3072 KB
physical id	: 0
siblings	: 4
core id		: 0
cpu cores	: 2
apicid		: 0
initial apicid	: 0
fpu		: yes
fpu_exception	: yes
cpuid level	: 13
wp		: yes
flags		: fpu vme de pse tsc msr pae mce cx8 apic sep mtrr pge mca cmov pat pse36 clflush dts acpi mmx fxsr sse sse2 ss ht tm pbe syscall nx rdtscp lm constant_tsc arch_perfmon pebs bts rep_good nopl xtopology nonstop_tsc aperfmperf pni pclmulqdq dtes64 monitor ds_cpl vmx est tm2 ssse3 cx16 xtpr pdcm pcid sse4_1 sse4_2 x2apic popcnt tsc_deadline_timer xsave avx lahf_lm arat epb xsaveopt pln pts dtherm tpr_shadow vnmi flexpriority ept vpid
bogomips	: 4589.82
clflush size	: 64
cache_alignment	: 64
address sizes	: 36 bits physical, 48 bits virtual
power management:

processor	: 1
vendor_id	: GenuineIntel
cpu family	: 6
model		: 42
model name	: Intel(R) Core(TM) i3-2350M CPU @ 2.30GHz
stepping	: 7
microcode	: 0x1b
cpu MHz		: 800.000
cache size	: 3072 KB
physical id	: 0
siblings	: 4
core id		: 1
cpu cores	: 2
apicid		: 2
initial apicid	: 2
fpu		: yes
fpu_exception	: yes
cpuid level	: 13
wp		: yes
flags		: fpu vme de pse tsc msr pae mce cx8 apic sep mtrr pge mca cmov pat pse36 clflush dts acpi mmx fxsr sse sse2 ss ht tm pbe syscall nx rdtscp lm constant_tsc arch_perfmon pebs bts rep_good nopl xtopology nonstop_tsc aperfmperf pni pclmulqdq dtes64 monitor ds_cpl vmx est tm2 ssse3 cx16 xtpr pdcm pcid sse4_1 sse4_2 x2apic popcnt tsc_deadline_timer xsave avx lahf_lm arat epb xsaveopt pln pts dtherm tpr_shadow vnmi flexpriority ept vpid
bogomips	: 4589.82
clflush size	: 64
cache_alignment	: 64
address sizes	: 36 bits physical, 48 bits virtual
power management:

processor	: 2
vendor_id	: GenuineIntel
cpu family	: 6
model		: 42
model name	: Intel(R) Core(TM) i3-2350M CPU @ 2.30GHz
stepping	: 7
microcode	: 0x1b
cpu MHz		: 2300.000
cache size	: 3072 KB
physical id	: 0
siblings	: 4
core id		: 0
cpu cores	: 2
apicid		: 1
initial apicid	: 1
fpu		: yes
fpu_exception	: yes
cpuid level	: 13
wp		: yes
flags		: fpu vme de pse tsc msr pae mce cx8 apic sep mtrr pge mca cmov pat pse36 clflush dts acpi mmx fxsr sse sse2 ss ht tm pbe syscall nx rdtscp lm constant_tsc arch_perfmon pebs bts rep_good nopl xtopology nonstop_tsc aperfmperf pni pclmulqdq dtes64 monitor ds_cpl vmx est tm2 ssse3 cx16 xtpr pdcm pcid sse4_1 sse4_2 x2apic popcnt tsc_deadline_timer xsave avx lahf_lm arat epb xsaveopt pln pts dtherm tpr_shadow vnmi flexpriority ept vpid
bogomips	: 4589.82
clflush size	: 64
cache_alignment	: 64
address sizes	: 36 bits physical, 48 bits virtual
power management:

processor	: 3
vendor_id	: GenuineIntel
cpu family	: 6
model		: 42
model name	: Intel(R) Core(TM) i3-2350M CPU @ 2.30GHz
stepping	: 7
microcode	: 0x1b
cpu MHz		: 1600.000
cache size	: 3072 KB
physical id	: 0
siblings	: 4
core id		: 1
cpu cores	: 2
apicid		: 3
initial apicid	: 3
fpu		: yes
fpu_exception	: yes
cpuid level	: 13
wp		: yes
flags		: fpu vme de pse tsc msr pae mce cx8 apic sep mtrr pge mca cmov pat pse36 clflush dts acpi mmx fxsr sse sse2 ss ht tm pbe syscall nx rdtscp lm constant_tsc arch_perfmon pebs bts rep_good nopl xtopology nonstop_tsc aperfmperf pni pclmulqdq dtes64 monitor ds_cpl vmx est tm2 ssse3 cx16 xtpr pdcm pcid sse4_1 sse4_2 x2apic popcnt tsc_deadline_timer xsave avx lahf_lm arat epb xsaveopt pln pts dtherm tpr_shadow vnmi flexpriority ept vpid
bogomips	: 4589.82
clflush size	: 64
cache_alignment	: 64
address sizes	: 36 bits physical, 48 bits virtual
power management:



Memory: 4k page, physical 6020308k(173836k free), swap 262140k(256844k free)

vm_info: OpenJDK 64-Bit Server VM (23.7-b01) for linux-amd64 JRE (1.7.0_21-b02), built on Apr 22 2013 22:26:19 by "buildd" with gcc 4.7.2

