#
# A fatal error has been detected by the Java Runtime Environment:
#
#  SIGSEGV (0xb) at pc=0x00007fb419a10be2, pid=13602, tid=140411847538432
#
# JRE version: 7.0_21-b02
# Java VM: OpenJDK 64-Bit Server VM (23.7-b01 mixed mode linux-amd64 compressed oops)
# Problematic frame:
# C  [libpegasos.so+0xdbe2]  WeightVector::add(simple_sparse_vector&, double)+0x42
#
# Failed to write core dump. Core dumps have been disabled. To enable core dumping, try "ulimit -c unlimited" before starting Java again
#
# If you would like to submit a bug report, please include
# instructions on how to reproduce the bug and visit:
#   https://bugs.launchpad.net/ubuntu/+source/openjdk-7/
# The crash happened outside the Java Virtual Machine in native code.
# See problematic frame for where to report the bug.
#

---------------  T H R E A D  ---------------

Current thread (0x00007fb428009000):  JavaThread "main" [_thread_in_native, id=13603, stack(0x00007fb42e3b7000,0x00007fb42e4b8000)]

siginfo:si_signo=SIGSEGV: si_errno=0, si_code=1 (SEGV_MAPERR), si_addr=0x00007fbc281fba38

Registers:
RAX=0x00007fb42824f520, RBX=0x0000000000000000, RCX=0x00007fb42825f600, RDX=0x00007fbc281fba38
RSP=0x00007fb42e4b6188, RBP=0x00007fb42e4b6270, RSI=0x00007fb4281fba40, RDI=0x00007fb42e4b62b0
R8 =0x0000000000000000, R9 =0x00007fb42e06b140, R10=0x00007fb42e4b5f20, R11=0x00007fb419a10ba0
R12=0x00007fb42e4b6290, R13=0x00000000000003e8, R14=0x00007fb42e4b6630, R15=0x00007fb42e4b6650
RIP=0x00007fb419a10be2, EFLAGS=0x0000000000010202, CSGSFS=0x121e000000000033, ERR=0x0000000000000004
  TRAPNO=0x000000000000000e

Top of Stack: (sp=0x00007fb42e4b6188)
0x00007fb42e4b6188:   00007fb419a0b618 0000000000000001
0x00007fb42e4b6198:   0000000000000000 0000000000000000
0x00007fb42e4b61a8:   3ff0000000000000 0000000000000000
0x00007fb42e4b61b8:   4049000000000000 00007fb42e4b62b0
0x00007fb42e4b61c8:   3f847ae147ae147b 000003ea00000002
0x00007fb42e4b61d8:   00007fb42e4b6620 00007fb42e4b6670
0x00007fb42e4b61e8:   00007fb42e4b6600 00007fb42e4b6610
0x00007fb42e4b61f8:   00007fb42e4b6628 00007fb42e4b6618
0x00007fb42e4b6208:   0000000000000000 00007fb42e4b6690
0x00007fb42e4b6218:   0000000000000000 00007fb42e4b65c0
0x00007fb42e4b6228:   0000000000000000 00007fb42e4b65f0
0x00007fb42e4b6238:   00007fb42e4b65f8 00007fb42e4b6608
0x00007fb42e4b6248:   00007fb42e4b62b8 0000000000000000
0x00007fb42e4b6258:   00007fb42e2a72ae bfa999999999999a
0x00007fb42e4b6268:   0000000000000023 00007fb4281fd190
0x00007fb42e4b6278:   00007fb4281fe130 00007fb4281fe190
0x00007fb42e4b6288:   00007fb419a035c8 00007fb428237e30
0x00007fb42e4b6298:   00007fb428239d70 00007fb428239e30
0x00007fb42e4b62a8:   00007fb42e4b6170 0000000000000000
0x00007fb42e4b62b8:   3fe0000000000000 0000000000000000
0x00007fb42e4b62c8:   00007fb4281fba40 00007fb419a04900
0x00007fb42e4b62d8:   00007fb419a044f8 0000000500000000
0x00007fb42e4b62e8:   00000001000000a2 0000000000000000
0x00007fb42e4b62f8:   00007fb4281fca50 00007fb42e4b6470
0x00007fb42e4b6308:   00000000f4e56ae3 0000000000000000
0x00007fb42e4b6318:   00007fb42e4b6490 00007fb4281fc6f0
0x00007fb42e4b6328:   00007fb42e2a7533 0000000000000000
0x00007fb42e4b6338:   0000000000000000 0000000000000005
0x00007fb42e4b6348:   0000000000000000 00007fb400000001
0x00007fb42e4b6358:   00007fb4281fc6f0 00007fb428009be0
0x00007fb42e4b6368:   0000000000000003 00007fb42e4b63c0
0x00007fb42e4b6378:   00007fb42cea57ce 00007fb428009bf0 

Instructions: (pc=0x00007fb419a10be2)
0x00007fb419a10bc2:   10 48 08 8b 10 48 83 c0 10 f2 0f 59 c8 48 39 c1
0x00007fb419a10bd2:   48 8d 14 d6 66 0f 28 d1 f2 0f 59 d1 f2 0f 58 e2
0x00007fb419a10be2:   f2 0f 10 12 66 0f 28 da f2 0f 58 da f2 0f 59 d9
0x00007fb419a10bf2:   f2 0f 5e 4f 08 f2 0f 58 eb f2 0f 58 ca f2 0f 11 

Register to memory mapping:

RAX=
[error occurred during error reporting (printing register info), id 0xb]

Stack: [0x00007fb42e3b7000,0x00007fb42e4b8000],  sp=0x00007fb42e4b6188,  free space=1020k
Native frames: (J=compiled Java code, j=interpreted, Vv=VM code, C=native code)
C  [libpegasos.so+0xdbe2]  WeightVector::add(simple_sparse_vector&, double)+0x42

Java frames: (J=compiled Java code, j=interpreted, Vv=VM code)
j  jnipegasos.JNIPegasosInterface.trainmodel(Ljava/lang/String;Ljava/lang/String;Ljnipegasos/LearningParameter;)V+0
j  jnipegasos.JNIPegasosInterface.trainModel(Ljava/lang/String;Ljava/lang/String;Ljnipegasos/LearningParameter;)V+4
j  peersim.gossip.PegasosNode.clone()Ljava/lang/Object;+204
j  peersim.core.Network.reset()V+139
j  peersim.cdsim.CDSimulator.nextExperiment()V+47
j  peersim.Simulator.main([Ljava/lang/String;)V+208
v  ~StubRoutines::call_stub

---------------  P R O C E S S  ---------------

Java Threads: ( => current thread )
  0x00007fb42810f800 JavaThread "Service Thread" daemon [_thread_blocked, id=13614, stack(0x00007fb419d17000,0x00007fb419e18000)]
  0x00007fb42810d800 JavaThread "C2 CompilerThread1" daemon [_thread_blocked, id=13613, stack(0x00007fb419e18000,0x00007fb419f19000)]
  0x00007fb42810a800 JavaThread "C2 CompilerThread0" daemon [_thread_blocked, id=13612, stack(0x00007fb419f19000,0x00007fb41a01a000)]
  0x00007fb428108000 JavaThread "Signal Dispatcher" daemon [_thread_blocked, id=13611, stack(0x00007fb41a01a000,0x00007fb41a11b000)]
  0x00007fb4280b2000 JavaThread "Finalizer" daemon [_thread_blocked, id=13610, stack(0x00007fb41a2a4000,0x00007fb41a3a5000)]
  0x00007fb4280af800 JavaThread "Reference Handler" daemon [_thread_blocked, id=13609, stack(0x00007fb41a3a5000,0x00007fb41a4a6000)]
=>0x00007fb428009000 JavaThread "main" [_thread_in_native, id=13603, stack(0x00007fb42e3b7000,0x00007fb42e4b8000)]

Other Threads:
  0x00007fb4280a7000 VMThread [stack: 0x00007fb41a4a6000,0x00007fb41a5a7000] [id=13608]
  0x00007fb42811a800 WatcherThread [stack: 0x00007fb419c16000,0x00007fb419d17000] [id=13615]

VM state:not at safepoint (normal execution)

VM Mutex/Monitor currently owned by a thread: None

Heap
 PSYoungGen      total 27456K, used 3304K [0x00000000e1600000, 0x00000000e34a0000, 0x0000000100000000)
  eden space 23552K, 14% used [0x00000000e1600000,0x00000000e193a050,0x00000000e2d00000)
  from space 3904K, 0% used [0x00000000e30d0000,0x00000000e30d0000,0x00000000e34a0000)
  to   space 3904K, 0% used [0x00000000e2d00000,0x00000000e2d00000,0x00000000e30d0000)
 ParOldGen       total 62720K, used 0K [0x00000000a4200000, 0x00000000a7f40000, 0x00000000e1600000)
  object space 62720K, 0% used [0x00000000a4200000,0x00000000a4200000,0x00000000a7f40000)
 PSPermGen       total 21248K, used 3656K [0x0000000099c00000, 0x000000009b0c0000, 0x00000000a4200000)
  object space 21248K, 17% used [0x0000000099c00000,0x0000000099f920b0,0x000000009b0c0000)

Card table byte_map: [0x00007fb423c42000,0x00007fb423f75000] byte_map_base: 0x00007fb423774000

Polling page: 0x00007fb42e3b6000

Code Cache  [0x00007fb423f75000, 0x00007fb4241e5000, 0x00007fb426f75000)
 total_blobs=195 nmethods=8 adapters=140 free_code_cache=48746Kb largest_free_block=49896768

Compilation events (10 events):
Event: 0.142 Thread 0x00007fb42810a800    4             java.lang.String::lastIndexOf (52 bytes)
Event: 0.145 Thread 0x00007fb42810a800 nmethod 4 0x00007fb423fd8350 code [0x00007fb423fd84a0, 0x00007fb423fd8608]
Event: 0.178 Thread 0x00007fb42810d800    5             java.lang.String::charAt (29 bytes)
Event: 0.179 Thread 0x00007fb42810d800 nmethod 5 0x00007fb423fd6ad0 code [0x00007fb423fd6c20, 0x00007fb423fd6cb8]
Event: 0.190 Thread 0x00007fb42810a800    1 %           sun.nio.cs.UTF_8$Decoder::decodeArrayLoop @ 73 (543 bytes)
Event: 0.190 Thread 0x00007fb42810d800    6   !         java.io.BufferedReader::readLine (304 bytes)
Event: 0.211 Thread 0x00007fb42810a800 nmethod 1% 0x00007fb423fdc310 code [0x00007fb423fdc560, 0x00007fb423fdd198]
Event: 0.211 Thread 0x00007fb42810a800    2 %           sun.nio.cs.UTF_8$Encoder::encodeArrayLoop @ 73 (489 bytes)
Event: 0.217 Thread 0x00007fb42810d800 nmethod 6 0x00007fb423fddc10 code [0x00007fb423fddde0, 0x00007fb423fdec60]
Event: 0.222 Thread 0x00007fb42810a800 nmethod 2% 0x00007fb423fd9350 code [0x00007fb423fd9520, 0x00007fb423fd9d80]

GC Heap History (0 events):
No events

Deoptimization events (0 events):
No events

Internal exceptions (10 events):
Event: 0.183 Thread 0x00007fb428009000 Threw 0x00000000e182e280 at /build/buildd/openjdk-7-7u21-2.3.9/build/openjdk/hotspot/src/share/vm/prims/jvm.cpp:1166
Event: 0.183 Thread 0x00007fb428009000 Threw 0x00000000e1833d88 at /build/buildd/openjdk-7-7u21-2.3.9/build/openjdk/hotspot/src/share/vm/prims/jvm.cpp:1166
Event: 0.184 Thread 0x00007fb428009000 Threw 0x00000000e18364b0 at /build/buildd/openjdk-7-7u21-2.3.9/build/openjdk/hotspot/src/share/vm/prims/jvm.cpp:1166
Event: 0.184 Thread 0x00007fb428009000 Threw 0x00000000e1838a88 at /build/buildd/openjdk-7-7u21-2.3.9/build/openjdk/hotspot/src/share/vm/prims/jvm.cpp:1166
Event: 0.185 Thread 0x00007fb428009000 Threw 0x00000000e1848ff0 at /build/buildd/openjdk-7-7u21-2.3.9/build/openjdk/hotspot/src/share/vm/prims/jvm.cpp:1166
Event: 0.185 Thread 0x00007fb428009000 Threw 0x00000000e184bd98 at /build/buildd/openjdk-7-7u21-2.3.9/build/openjdk/hotspot/src/share/vm/prims/jvm.cpp:1166
Event: 0.186 Thread 0x00007fb428009000 Threw 0x00000000e185d1f8 at /build/buildd/openjdk-7-7u21-2.3.9/build/openjdk/hotspot/src/share/vm/prims/jvm.cpp:1166
Event: 0.187 Thread 0x00007fb428009000 Threw 0x00000000e187e208 at /build/buildd/openjdk-7-7u21-2.3.9/build/openjdk/hotspot/src/share/vm/prims/jvm.cpp:1166
Event: 0.209 Thread 0x00007fb428009000 Threw 0x00000000e18e7580 at /build/buildd/openjdk-7-7u21-2.3.9/build/openjdk/hotspot/src/share/vm/prims/jvm.cpp:1166
Event: 0.211 Thread 0x00007fb428009000 Threw 0x00000000e18f1bf8 at /build/buildd/openjdk-7-7u21-2.3.9/build/openjdk/hotspot/src/share/vm/prims/jvm.cpp:1166

Events (10 events):
Event: 0.188 loading class 0x00007fb4281cb600
Event: 0.188 loading class 0x00007fb4281cb600 done
Event: 0.189 loading class 0x00007fb4281f3150
Event: 0.189 loading class 0x00007fb4281f3150 done
Event: 0.209 loading class 0x00007fb4281f3210
Event: 0.209 loading class 0x00007fb4281f3210 done
Event: 0.211 loading class 0x00007fb42805f2a0
Event: 0.211 loading class 0x00007fb42805f2a0 done
Event: 0.211 loading class 0x00007fb4281f3250
Event: 0.211 loading class 0x00007fb4281f3250 done


Dynamic libraries:
00400000-00401000 r-xp 00000000 07:00 139603                             /usr/lib/jvm/java-7-openjdk-amd64/jre/bin/java
00600000-00601000 r--p 00000000 07:00 139603                             /usr/lib/jvm/java-7-openjdk-amd64/jre/bin/java
00601000-00602000 rw-p 00001000 07:00 139603                             /usr/lib/jvm/java-7-openjdk-amd64/jre/bin/java
018ce000-018ef000 rw-p 00000000 00:00 0                                  [heap]
99c00000-9b0c0000 rw-p 00000000 00:00 0 
9b0c0000-a4200000 rw-p 00000000 00:00 0 
a4200000-a7f40000 rw-p 00000000 00:00 0 
a7f40000-e1600000 rw-p 00000000 00:00 0 
e1600000-e34a0000 rw-p 00000000 00:00 0 
e34a0000-100000000 rw-p 00000000 00:00 0 
7fb3e4000000-7fb3e4021000 rw-p 00000000 00:00 0 
7fb3e4021000-7fb3e8000000 ---p 00000000 00:00 0 
7fb3ec000000-7fb3ec159000 rw-p 00000000 00:00 0 
7fb3ec159000-7fb3f0000000 ---p 00000000 00:00 0 
7fb3f0000000-7fb3f0021000 rw-p 00000000 00:00 0 
7fb3f0021000-7fb3f4000000 ---p 00000000 00:00 0 
7fb3f4000000-7fb3f4021000 rw-p 00000000 00:00 0 
7fb3f4021000-7fb3f8000000 ---p 00000000 00:00 0 
7fb3f8000000-7fb3f81cd000 rw-p 00000000 00:00 0 
7fb3f81cd000-7fb3fc000000 ---p 00000000 00:00 0 
7fb3fc000000-7fb3fc021000 rw-p 00000000 00:00 0 
7fb3fc021000-7fb400000000 ---p 00000000 00:00 0 
7fb400000000-7fb400021000 rw-p 00000000 00:00 0 
7fb400021000-7fb404000000 ---p 00000000 00:00 0 
7fb404000000-7fb404021000 rw-p 00000000 00:00 0 
7fb404021000-7fb408000000 ---p 00000000 00:00 0 
7fb408000000-7fb408021000 rw-p 00000000 00:00 0 
7fb408021000-7fb40c000000 ---p 00000000 00:00 0 
7fb40c000000-7fb40c021000 rw-p 00000000 00:00 0 
7fb40c021000-7fb410000000 ---p 00000000 00:00 0 
7fb414000000-7fb414021000 rw-p 00000000 00:00 0 
7fb414021000-7fb418000000 ---p 00000000 00:00 0 
7fb419a03000-7fb419a14000 r-xp 00000000 07:00 331009                     /home/raghuram/Downloads/pegasos/temp (2)/peersim-pegasos/lib/libpegasos.so
7fb419a14000-7fb419c14000 ---p 00011000 07:00 331009                     /home/raghuram/Downloads/pegasos/temp (2)/peersim-pegasos/lib/libpegasos.so
7fb419c14000-7fb419c15000 r--p 00011000 07:00 331009                     /home/raghuram/Downloads/pegasos/temp (2)/peersim-pegasos/lib/libpegasos.so
7fb419c15000-7fb419c16000 rw-p 00012000 07:00 331009                     /home/raghuram/Downloads/pegasos/temp (2)/peersim-pegasos/lib/libpegasos.so
7fb419c16000-7fb419c17000 ---p 00000000 00:00 0 
7fb419c17000-7fb419d17000 rw-p 00000000 00:00 0                          [stack:13615]
7fb419d17000-7fb419d1a000 ---p 00000000 00:00 0 
7fb419d1a000-7fb419e18000 rw-p 00000000 00:00 0                          [stack:13614]
7fb419e18000-7fb419e1b000 ---p 00000000 00:00 0 
7fb419e1b000-7fb419f19000 rw-p 00000000 00:00 0                          [stack:13613]
7fb419f19000-7fb419f1c000 ---p 00000000 00:00 0 
7fb419f1c000-7fb41a01a000 rw-p 00000000 00:00 0                          [stack:13612]
7fb41a01a000-7fb41a01d000 ---p 00000000 00:00 0 
7fb41a01d000-7fb41a11b000 rw-p 00000000 00:00 0                          [stack:13611]
7fb41a11b000-7fb41a2a4000 r--p 00000000 07:00 136924                     /usr/lib/locale/locale-archive
7fb41a2a4000-7fb41a2a7000 ---p 00000000 00:00 0 
7fb41a2a7000-7fb41a3a5000 rw-p 00000000 00:00 0                          [stack:13610]
7fb41a3a5000-7fb41a3a8000 ---p 00000000 00:00 0 
7fb41a3a8000-7fb41a4a6000 rw-p 00000000 00:00 0                          [stack:13609]
7fb41a4a6000-7fb41a4a7000 ---p 00000000 00:00 0 
7fb41a4a7000-7fb41c000000 rw-p 00000000 00:00 0                          [stack:13608]
7fb41c000000-7fb41c021000 rw-p 00000000 00:00 0 
7fb41c021000-7fb420000000 ---p 00000000 00:00 0 
7fb42001a000-7fb420288000 rw-p 00000000 00:00 0 
7fb420288000-7fb420435000 r--s 01cde000 07:00 139556                     /usr/lib/jvm/java-7-openjdk-amd64/jre/lib/rt.jar
7fb420435000-7fb423755000 rw-p 00000000 00:00 0 
7fb423755000-7fb423756000 ---p 00000000 00:00 0 
7fb423756000-7fb423856000 rw-p 00000000 00:00 0                          [stack:13607]
7fb423856000-7fb423857000 ---p 00000000 00:00 0 
7fb423857000-7fb423957000 rw-p 00000000 00:00 0                          [stack:13606]
7fb423957000-7fb423958000 ---p 00000000 00:00 0 
7fb423958000-7fb423a77000 rw-p 00000000 00:00 0                          [stack:13605]
7fb423a77000-7fb423c42000 rw-p 00000000 00:00 0 
7fb423c42000-7fb423c4d000 rw-p 00000000 00:00 0 
7fb423c4d000-7fb423c95000 rw-p 00000000 00:00 0 
7fb423c95000-7fb423cb4000 rw-p 00000000 00:00 0 
7fb423cb4000-7fb423e7f000 rw-p 00000000 00:00 0 
7fb423e7f000-7fb423e8f000 rw-p 00000000 00:00 0 
7fb423e8f000-7fb423f74000 rw-p 00000000 00:00 0 
7fb423f74000-7fb423f75000 rw-p 00000000 00:00 0 
7fb423f75000-7fb4241e5000 rwxp 00000000 00:00 0 
7fb4241e5000-7fb426f75000 rw-p 00000000 00:00 0 
7fb426f75000-7fb426f7d000 r-xp 00000000 07:00 139601                     /usr/lib/jvm/java-7-openjdk-amd64/jre/lib/amd64/libzip.so
7fb426f7d000-7fb42717c000 ---p 00008000 07:00 139601                     /usr/lib/jvm/java-7-openjdk-amd64/jre/lib/amd64/libzip.so
7fb42717c000-7fb42717d000 r--p 00007000 07:00 139601                     /usr/lib/jvm/java-7-openjdk-amd64/jre/lib/amd64/libzip.so
7fb42717d000-7fb42717e000 rw-p 00008000 07:00 139601                     /usr/lib/jvm/java-7-openjdk-amd64/jre/lib/amd64/libzip.so
7fb42717e000-7fb42718a000 r-xp 00000000 07:00 197862                     /lib/x86_64-linux-gnu/libnss_files-2.15.so
7fb42718a000-7fb427389000 ---p 0000c000 07:00 197862                     /lib/x86_64-linux-gnu/libnss_files-2.15.so
7fb427389000-7fb42738a000 r--p 0000b000 07:00 197862                     /lib/x86_64-linux-gnu/libnss_files-2.15.so
7fb42738a000-7fb42738b000 rw-p 0000c000 07:00 197862                     /lib/x86_64-linux-gnu/libnss_files-2.15.so
7fb42738b000-7fb427395000 r-xp 00000000 07:00 197754                     /lib/x86_64-linux-gnu/libnss_nis-2.15.so
7fb427395000-7fb427595000 ---p 0000a000 07:00 197754                     /lib/x86_64-linux-gnu/libnss_nis-2.15.so
7fb427595000-7fb427596000 r--p 0000a000 07:00 197754                     /lib/x86_64-linux-gnu/libnss_nis-2.15.so
7fb427596000-7fb427597000 rw-p 0000b000 07:00 197754                     /lib/x86_64-linux-gnu/libnss_nis-2.15.so
7fb427597000-7fb4275ae000 r-xp 00000000 07:00 197763                     /lib/x86_64-linux-gnu/libnsl-2.15.so
7fb4275ae000-7fb4277ad000 ---p 00017000 07:00 197763                     /lib/x86_64-linux-gnu/libnsl-2.15.so
7fb4277ad000-7fb4277ae000 r--p 00016000 07:00 197763                     /lib/x86_64-linux-gnu/libnsl-2.15.so
7fb4277ae000-7fb4277af000 rw-p 00017000 07:00 197763                     /lib/x86_64-linux-gnu/libnsl-2.15.so
7fb4277af000-7fb4277b1000 rw-p 00000000 00:00 0 
7fb4277b1000-7fb4277b9000 r-xp 00000000 07:00 197860                     /lib/x86_64-linux-gnu/libnss_compat-2.15.so
7fb4277b9000-7fb4279b8000 ---p 00008000 07:00 197860                     /lib/x86_64-linux-gnu/libnss_compat-2.15.so
7fb4279b8000-7fb4279b9000 r--p 00007000 07:00 197860                     /lib/x86_64-linux-gnu/libnss_compat-2.15.so
7fb4279b9000-7fb4279ba000 rw-p 00008000 07:00 197860                     /lib/x86_64-linux-gnu/libnss_compat-2.15.so
7fb4279ba000-7fb4279e5000 r-xp 00000000 07:00 139585                     /usr/lib/jvm/java-7-openjdk-amd64/jre/lib/amd64/libjava.so
7fb4279e5000-7fb427be4000 ---p 0002b000 07:00 139585                     /usr/lib/jvm/java-7-openjdk-amd64/jre/lib/amd64/libjava.so
7fb427be4000-7fb427be5000 r--p 0002a000 07:00 139585                     /usr/lib/jvm/java-7-openjdk-amd64/jre/lib/amd64/libjava.so
7fb427be5000-7fb427be7000 rw-p 0002b000 07:00 139585                     /usr/lib/jvm/java-7-openjdk-amd64/jre/lib/amd64/libjava.so
7fb427be7000-7fb427bf6000 r-xp 00000000 07:00 139584                     /usr/lib/jvm/java-7-openjdk-amd64/jre/lib/amd64/libverify.so
7fb427bf6000-7fb427df5000 ---p 0000f000 07:00 139584                     /usr/lib/jvm/java-7-openjdk-amd64/jre/lib/amd64/libverify.so
7fb427df5000-7fb427df7000 r--p 0000e000 07:00 139584                     /usr/lib/jvm/java-7-openjdk-amd64/jre/lib/amd64/libverify.so
7fb427df7000-7fb427df8000 rw-p 00010000 07:00 139584                     /usr/lib/jvm/java-7-openjdk-amd64/jre/lib/amd64/libverify.so
7fb427df8000-7fb427dff000 r-xp 00000000 07:00 197824                     /lib/x86_64-linux-gnu/librt-2.15.so
7fb427dff000-7fb427ffe000 ---p 00007000 07:00 197824                     /lib/x86_64-linux-gnu/librt-2.15.so
7fb427ffe000-7fb427fff000 r--p 00006000 07:00 197824                     /lib/x86_64-linux-gnu/librt-2.15.so
7fb427fff000-7fb428000000 rw-p 00007000 07:00 197824                     /lib/x86_64-linux-gnu/librt-2.15.so
7fb428000000-7fb42826b000 rw-p 00000000 00:00 0 
7fb42826b000-7fb42c000000 ---p 00000000 00:00 0 
7fb42c024000-7fb42c029000 r--s 00053000 07:00 330774                     /home/raghuram/Downloads/pegasos/temp (2)/peersim-pegasos/lib/peersim-doclet.jar
7fb42c029000-7fb42c02a000 r--s 00005000 07:00 331010                     /home/raghuram/Downloads/pegasos/temp (2)/peersim-pegasos/lib/jamal-2.2.jar
7fb42c02a000-7fb42c04b000 rw-p 00000000 00:00 0 
7fb42c04b000-7fb42c04c000 ---p 00000000 00:00 0 
7fb42c04c000-7fb42c157000 rw-p 00000000 00:00 0                          [stack:13604]
7fb42c157000-7fb42c19f000 rw-p 00000000 00:00 0 
7fb42c19f000-7fb42c1b4000 r-xp 00000000 07:00 197806                     /lib/x86_64-linux-gnu/libgcc_s.so.1
7fb42c1b4000-7fb42c3b3000 ---p 00015000 07:00 197806                     /lib/x86_64-linux-gnu/libgcc_s.so.1
7fb42c3b3000-7fb42c3b4000 r--p 00014000 07:00 197806                     /lib/x86_64-linux-gnu/libgcc_s.so.1
7fb42c3b4000-7fb42c3b5000 rw-p 00015000 07:00 197806                     /lib/x86_64-linux-gnu/libgcc_s.so.1
7fb42c3b5000-7fb42c4b0000 r-xp 00000000 07:00 197821                     /lib/x86_64-linux-gnu/libm-2.15.so
7fb42c4b0000-7fb42c6af000 ---p 000fb000 07:00 197821                     /lib/x86_64-linux-gnu/libm-2.15.so
7fb42c6af000-7fb42c6b0000 r--p 000fa000 07:00 197821                     /lib/x86_64-linux-gnu/libm-2.15.so
7fb42c6b0000-7fb42c6b1000 rw-p 000fb000 07:00 197821                     /lib/x86_64-linux-gnu/libm-2.15.so
7fb42c6b1000-7fb42c796000 r-xp 00000000 07:00 99110                      /usr/lib/x86_64-linux-gnu/libstdc++.so.6.0.17
7fb42c796000-7fb42c995000 ---p 000e5000 07:00 99110                      /usr/lib/x86_64-linux-gnu/libstdc++.so.6.0.17
7fb42c995000-7fb42c99d000 r--p 000e4000 07:00 99110                      /usr/lib/x86_64-linux-gnu/libstdc++.so.6.0.17
7fb42c99d000-7fb42c99f000 rw-p 000ec000 07:00 99110                      /usr/lib/x86_64-linux-gnu/libstdc++.so.6.0.17
7fb42c99f000-7fb42c9b4000 rw-p 00000000 00:00 0 
7fb42c9b4000-7fb42d3af000 r-xp 00000000 07:00 139590                     /usr/lib/jvm/java-7-openjdk-amd64/jre/lib/amd64/server/libjvm.so
7fb42d3af000-7fb42d5ae000 ---p 009fb000 07:00 139590                     /usr/lib/jvm/java-7-openjdk-amd64/jre/lib/amd64/server/libjvm.so
7fb42d5ae000-7fb42d62d000 r--p 009fa000 07:00 139590                     /usr/lib/jvm/java-7-openjdk-amd64/jre/lib/amd64/server/libjvm.so
7fb42d62d000-7fb42d650000 rw-p 00a79000 07:00 139590                     /usr/lib/jvm/java-7-openjdk-amd64/jre/lib/amd64/server/libjvm.so
7fb42d650000-7fb42d67b000 rw-p 00000000 00:00 0 
7fb42d67b000-7fb42d691000 r-xp 00000000 07:00 197767                     /lib/x86_64-linux-gnu/libz.so.1.2.7
7fb42d691000-7fb42d890000 ---p 00016000 07:00 197767                     /lib/x86_64-linux-gnu/libz.so.1.2.7
7fb42d890000-7fb42d891000 r--p 00015000 07:00 197767                     /lib/x86_64-linux-gnu/libz.so.1.2.7
7fb42d891000-7fb42d892000 rw-p 00016000 07:00 197767                     /lib/x86_64-linux-gnu/libz.so.1.2.7
7fb42d892000-7fb42d8aa000 r-xp 00000000 07:00 197875                     /lib/x86_64-linux-gnu/libpthread-2.15.so
7fb42d8aa000-7fb42daa9000 ---p 00018000 07:00 197875                     /lib/x86_64-linux-gnu/libpthread-2.15.so
7fb42daa9000-7fb42daaa000 r--p 00017000 07:00 197875                     /lib/x86_64-linux-gnu/libpthread-2.15.so
7fb42daaa000-7fb42daab000 rw-p 00018000 07:00 197875                     /lib/x86_64-linux-gnu/libpthread-2.15.so
7fb42daab000-7fb42daaf000 rw-p 00000000 00:00 0 
7fb42daaf000-7fb42dab1000 r-xp 00000000 07:00 197761                     /lib/x86_64-linux-gnu/libdl-2.15.so
7fb42dab1000-7fb42dcb1000 ---p 00002000 07:00 197761                     /lib/x86_64-linux-gnu/libdl-2.15.so
7fb42dcb1000-7fb42dcb2000 r--p 00002000 07:00 197761                     /lib/x86_64-linux-gnu/libdl-2.15.so
7fb42dcb2000-7fb42dcb3000 rw-p 00003000 07:00 197761                     /lib/x86_64-linux-gnu/libdl-2.15.so
7fb42dcb3000-7fb42de68000 r-xp 00000000 07:00 197755                     /lib/x86_64-linux-gnu/libc-2.15.so
7fb42de68000-7fb42e067000 ---p 001b5000 07:00 197755                     /lib/x86_64-linux-gnu/libc-2.15.so
7fb42e067000-7fb42e06b000 r--p 001b4000 07:00 197755                     /lib/x86_64-linux-gnu/libc-2.15.so
7fb42e06b000-7fb42e06d000 rw-p 001b8000 07:00 197755                     /lib/x86_64-linux-gnu/libc-2.15.so
7fb42e06d000-7fb42e072000 rw-p 00000000 00:00 0 
7fb42e072000-7fb42e077000 r--s 0001d000 07:00 330776                     /home/raghuram/Downloads/pegasos/temp (2)/peersim-pegasos/lib/djep-1.0.0.jar
7fb42e077000-7fb42e07c000 r--s 00032000 07:00 330773                     /home/raghuram/Downloads/pegasos/temp (2)/peersim-pegasos/lib/peersim.jar
7fb42e07c000-7fb42e07d000 r--s 00001000 07:00 331008                     /home/raghuram/Downloads/pegasos/temp (2)/peersim-pegasos/lib/jnipegasos.jar
7fb42e07d000-7fb42e07f000 r--s 0000f000 07:00 330800                     /home/raghuram/Downloads/pegasos/temp (2)/peersim-pegasos/lib/JSAP-2.1.jar
7fb42e07f000-7fb42e080000 r--s 00003000 07:00 331002                     /home/raghuram/Downloads/pegasos/temp (2)/peersim-pegasos/lib/jnisvmlight.jar
7fb42e080000-7fb42e083000 r--s 00010000 07:00 330772                     /home/raghuram/Downloads/pegasos/temp (2)/peersim-pegasos/lib/jep-2.3.0.jar
7fb42e083000-7fb42e084000 r--s 00002000 07:00 1007648                    /usr/lib/jvm/java-7-openjdk-common/jre/lib/ext/dnsns.jar
7fb42e084000-7fb42e087000 r--s 0000f000 07:00 1007647                    /usr/lib/jvm/java-7-openjdk-common/jre/lib/ext/pulse-java.jar
7fb42e087000-7fb42e08a000 r--s 0003c000 07:00 102402                     /usr/lib/jvm/java-7-openjdk-common/jre/lib/ext/sunpkcs11.jar
7fb42e08a000-7fb42e08d000 r--s 00032000 07:00 516818                     /usr/lib/jvm/java-7-openjdk-common/jre/lib/ext/sunjce_provider.jar
7fb42e08d000-7fb42e08f000 r--s 00006000 07:00 54273                      /usr/share/java/java-atk-wrapper.jar
7fb42e08f000-7fb42e09c000 r-xp 00000000 07:00 139567                     /usr/lib/jvm/java-7-openjdk-amd64/jre/lib/amd64/jli/libjli.so
7fb42e09c000-7fb42e29b000 ---p 0000d000 07:00 139567                     /usr/lib/jvm/java-7-openjdk-amd64/jre/lib/amd64/jli/libjli.so
7fb42e29b000-7fb42e29c000 r--p 0000c000 07:00 139567                     /usr/lib/jvm/java-7-openjdk-amd64/jre/lib/amd64/jli/libjli.so
7fb42e29c000-7fb42e29d000 rw-p 0000d000 07:00 139567                     /usr/lib/jvm/java-7-openjdk-amd64/jre/lib/amd64/jli/libjli.so
7fb42e29d000-7fb42e2bf000 r-xp 00000000 07:00 197835                     /lib/x86_64-linux-gnu/ld-2.15.so
7fb42e2bf000-7fb42e2c1000 r--s 00012000 07:00 1007649                    /usr/lib/jvm/java-7-openjdk-common/jre/lib/ext/zipfs.jar
7fb42e2c1000-7fb42e2c5000 r--s 00085000 07:00 516817                     /usr/lib/jvm/java-7-openjdk-common/jre/lib/ext/localedata.jar
7fb42e2c5000-7fb42e2f7000 rw-p 00000000 00:00 0 
7fb42e2f7000-7fb42e3ad000 rw-p 00000000 00:00 0 
7fb42e3ad000-7fb42e3b5000 rw-s 00000000 07:00 894987                     /tmp/hsperfdata_raghuram/13602
7fb42e3b5000-7fb42e3b6000 rw-p 00000000 00:00 0 
7fb42e3b6000-7fb42e3b7000 r--p 00000000 00:00 0 
7fb42e3b7000-7fb42e3ba000 ---p 00000000 00:00 0 
7fb42e3ba000-7fb42e4bf000 rw-p 00000000 00:00 0                          [stack:13603]
7fb42e4bf000-7fb42e4c0000 r--p 00022000 07:00 197835                     /lib/x86_64-linux-gnu/ld-2.15.so
7fb42e4c0000-7fb42e4c2000 rw-p 00023000 07:00 197835                     /lib/x86_64-linux-gnu/ld-2.15.so
7fffcdc1d000-7fffcdc3e000 rw-p 00000000 00:00 0                          [stack]
7fffcddff000-7fffcde00000 r-xp 00000000 00:00 0                          [vdso]
ffffffffff600000-ffffffffff601000 r-xp 00000000 00:00 0                  [vsyscall]

VM Arguments:
jvm_args: -Djava.library.path=lib 
java_command: peersim.Simulator config/config-pegasos.cfg
Launcher Type: SUN_STANDARD

Environment Variables:
PATH=/usr/local/sbin:/usr/local/bin:/usr/sbin:/usr/bin:/sbin:/bin:/usr/games:/usr/local/games:/home/raghuram/MATLAB/R2012a/bin:/home/raghuram/MATLAB/R2012a/java/jar
USERNAME=raghuram
SHELL=/bin/bash
DISPLAY=:0

Signal Handlers:
SIGSEGV: [libjvm.so+0x8574b0], sa_mask[0]=0x7ffbfeff, sa_flags=0x10000004
SIGBUS: [libjvm.so+0x8574b0], sa_mask[0]=0x7ffbfeff, sa_flags=0x10000004
SIGFPE: [libjvm.so+0x6f8200], sa_mask[0]=0x7ffbfeff, sa_flags=0x10000004
SIGPIPE: [libjvm.so+0x6f8200], sa_mask[0]=0x7ffbfeff, sa_flags=0x10000004
SIGXFSZ: [libjvm.so+0x6f8200], sa_mask[0]=0x7ffbfeff, sa_flags=0x10000004
SIGILL: [libjvm.so+0x6f8200], sa_mask[0]=0x7ffbfeff, sa_flags=0x10000004
SIGUSR1: SIG_DFL, sa_mask[0]=0x00000000, sa_flags=0x00000000
SIGUSR2: [libjvm.so+0x6f85d0], sa_mask[0]=0x00000000, sa_flags=0x10000004
SIGHUP: [libjvm.so+0x6f8710], sa_mask[0]=0x7ffbfeff, sa_flags=0x10000004
SIGINT: [libjvm.so+0x6f8710], sa_mask[0]=0x7ffbfeff, sa_flags=0x10000004
SIGTERM: [libjvm.so+0x6f8710], sa_mask[0]=0x7ffbfeff, sa_flags=0x10000004
SIGQUIT: [libjvm.so+0x6f8710], sa_mask[0]=0x7ffbfeff, sa_flags=0x10000004


---------------  S Y S T E M  ---------------

OS:Ubuntu 12.10 (quantal)
uname:Linux 3.5.0-21-generic #32-Ubuntu SMP Tue Dec 11 18:51:59 UTC 2012 x86_64
libc:glibc 2.15 NPTL 2.15 
rlimit: STACK 8192k, CORE 0k, NPROC 46889, NOFILE 4096, AS infinity
load average:1.66 0.78 0.47

/proc/meminfo:
MemTotal:        6020308 kB
MemFree:          237504 kB
Buffers:         1859164 kB
Cached:          1818156 kB
SwapCached:         1360 kB
Active:          2526972 kB
Inactive:        2879432 kB
Active(anon):     886168 kB
Inactive(anon):   999268 kB
Active(file):    1640804 kB
Inactive(file):  1880164 kB
Unevictable:        1528 kB
Mlocked:              16 kB
SwapTotal:        262140 kB
SwapFree:         253872 kB
Dirty:              1028 kB
Writeback:             0 kB
AnonPages:       1729764 kB
Mapped:           236960 kB
Shmem:            154768 kB
Slab:             252960 kB
SReclaimable:     193692 kB
SUnreclaim:        59268 kB
KernelStack:        4440 kB
PageTables:        40092 kB
NFS_Unstable:          0 kB
Bounce:                0 kB
WritebackTmp:          0 kB
CommitLimit:     3272292 kB
Committed_AS:    5023572 kB
VmallocTotal:   34359738367 kB
VmallocUsed:      366232 kB
VmallocChunk:   34359364176 kB
HardwareCorrupted:     0 kB
AnonHugePages:         0 kB
HugePages_Total:       0
HugePages_Free:        0
HugePages_Rsvd:        0
HugePages_Surp:        0
Hugepagesize:       2048 kB
DirectMap4k:       68336 kB
DirectMap2M:     6135808 kB


CPU:total 4 (2 cores per cpu, 2 threads per core) family 6 model 42 stepping 7, cmov, cx8, fxsr, mmx, sse, sse2, sse3, ssse3, sse4.1, sse4.2, popcnt, avx, ht, tsc, tscinvbit

/proc/cpuinfo:
processor	: 0
vendor_id	: GenuineIntel
cpu family	: 6
model		: 42
model name	: Intel(R) Core(TM) i3-2350M CPU @ 2.30GHz
stepping	: 7
microcode	: 0x1b
cpu MHz		: 1200.000
cache size	: 3072 KB
physical id	: 0
siblings	: 4
core id		: 0
cpu cores	: 2
apicid		: 0
initial apicid	: 0
fpu		: yes
fpu_exception	: yes
cpuid level	: 13
wp		: yes
flags		: fpu vme de pse tsc msr pae mce cx8 apic sep mtrr pge mca cmov pat pse36 clflush dts acpi mmx fxsr sse sse2 ss ht tm pbe syscall nx rdtscp lm constant_tsc arch_perfmon pebs bts rep_good nopl xtopology nonstop_tsc aperfmperf pni pclmulqdq dtes64 monitor ds_cpl vmx est tm2 ssse3 cx16 xtpr pdcm pcid sse4_1 sse4_2 x2apic popcnt tsc_deadline_timer xsave avx lahf_lm arat epb xsaveopt pln pts dtherm tpr_shadow vnmi flexpriority ept vpid
bogomips	: 4589.82
clflush size	: 64
cache_alignment	: 64
address sizes	: 36 bits physical, 48 bits virtual
power management:

processor	: 1
vendor_id	: GenuineIntel
cpu family	: 6
model		: 42
model name	: Intel(R) Core(TM) i3-2350M CPU @ 2.30GHz
stepping	: 7
microcode	: 0x1b
cpu MHz		: 1400.000
cache size	: 3072 KB
physical id	: 0
siblings	: 4
core id		: 1
cpu cores	: 2
apicid		: 2
initial apicid	: 2
fpu		: yes
fpu_exception	: yes
cpuid level	: 13
wp		: yes
flags		: fpu vme de pse tsc msr pae mce cx8 apic sep mtrr pge mca cmov pat pse36 clflush dts acpi mmx fxsr sse sse2 ss ht tm pbe syscall nx rdtscp lm constant_tsc arch_perfmon pebs bts rep_good nopl xtopology nonstop_tsc aperfmperf pni pclmulqdq dtes64 monitor ds_cpl vmx est tm2 ssse3 cx16 xtpr pdcm pcid sse4_1 sse4_2 x2apic popcnt tsc_deadline_timer xsave avx lahf_lm arat epb xsaveopt pln pts dtherm tpr_shadow vnmi flexpriority ept vpid
bogomips	: 4589.82
clflush size	: 64
cache_alignment	: 64
address sizes	: 36 bits physical, 48 bits virtual
power management:

processor	: 2
vendor_id	: GenuineIntel
cpu family	: 6
model		: 42
model name	: Intel(R) Core(TM) i3-2350M CPU @ 2.30GHz
stepping	: 7
microcode	: 0x1b
cpu MHz		: 2300.000
cache size	: 3072 KB
physical id	: 0
siblings	: 4
core id		: 0
cpu cores	: 2
apicid		: 1
initial apicid	: 1
fpu		: yes
fpu_exception	: yes
cpuid level	: 13
wp		: yes
flags		: fpu vme de pse tsc msr pae mce cx8 apic sep mtrr pge mca cmov pat pse36 clflush dts acpi mmx fxsr sse sse2 ss ht tm pbe syscall nx rdtscp lm constant_tsc arch_perfmon pebs bts rep_good nopl xtopology nonstop_tsc aperfmperf pni pclmulqdq dtes64 monitor ds_cpl vmx est tm2 ssse3 cx16 xtpr pdcm pcid sse4_1 sse4_2 x2apic popcnt tsc_deadline_timer xsave avx lahf_lm arat epb xsaveopt pln pts dtherm tpr_shadow vnmi flexpriority ept vpid
bogomips	: 4589.82
clflush size	: 64
cache_alignment	: 64
address sizes	: 36 bits physical, 48 bits virtual
power management:

processor	: 3
vendor_id	: GenuineIntel
cpu family	: 6
model		: 42
model name	: Intel(R) Core(TM) i3-2350M CPU @ 2.30GHz
stepping	: 7
microcode	: 0x1b
cpu MHz		: 2300.000
cache size	: 3072 KB
physical id	: 0
siblings	: 4
core id		: 1
cpu cores	: 2
apicid		: 3
initial apicid	: 3
fpu		: yes
fpu_exception	: yes
cpuid level	: 13
wp		: yes
flags		: fpu vme de pse tsc msr pae mce cx8 apic sep mtrr pge mca cmov pat pse36 clflush dts acpi mmx fxsr sse sse2 ss ht tm pbe syscall nx rdtscp lm constant_tsc arch_perfmon pebs bts rep_good nopl xtopology nonstop_tsc aperfmperf pni pclmulqdq dtes64 monitor ds_cpl vmx est tm2 ssse3 cx16 xtpr pdcm pcid sse4_1 sse4_2 x2apic popcnt tsc_deadline_timer xsave avx lahf_lm arat epb xsaveopt pln pts dtherm tpr_shadow vnmi flexpriority ept vpid
bogomips	: 4589.82
clflush size	: 64
cache_alignment	: 64
address sizes	: 36 bits physical, 48 bits virtual
power management:



Memory: 4k page, physical 6020308k(237504k free), swap 262140k(253872k free)

vm_info: OpenJDK 64-Bit Server VM (23.7-b01) for linux-amd64 JRE (1.7.0_21-b02), built on Apr 22 2013 22:26:19 by "buildd" with gcc 4.7.2

time: Tue Jul  2 20:52:13 2013
elapsed time: 0 seconds

